train.py  --name  resnet10_32size  --dataroot  dataset  --classes  FastGan,StyleGAN_ADA  --batch_size  128  --delr_freq  10  --lr  0.0002  --niter  50
Model size: 77281.00000
cwd: /home/ashish/NPR-DeepfakeDetectionResnet18
(Val @ epoch 0) acc: 0.5; ap: 0.4800290009972409
(Val @ epoch 1) acc: 0.5; ap: 0.4622481770264467
(Val @ epoch 2) acc: 0.5; ap: 0.4549387140620746
(Val @ epoch 3) acc: 0.4666666666666667; ap: 0.45417514363497724
(Val @ epoch 4) acc: 0.5; ap: 0.46562009457141484
(Val @ epoch 5) acc: 0.4533333333333333; ap: 0.5073796387628775
(Val @ epoch 6) acc: 0.48; ap: 0.5704368591548732
(Val @ epoch 7) acc: 0.5; ap: 0.6476733776054897
(Val @ epoch 8) acc: 0.72; ap: 0.8604188221910051
(Val @ epoch 9) acc: 0.7466666666666667; ap: 0.9142826630551837
2024_03_27_16_00_32 changing lr at the end of epoch 10, iters 99
*************************
Changing lr from 0.0002 to 0.00018
*************************
(Val @ epoch 10) acc: 0.62; ap: 0.8693634061709905
(Val @ epoch 11) acc: 0.82; ap: 0.9432828658535191
(Val @ epoch 12) acc: 0.74; ap: 0.9350255628722406
(Val @ epoch 13) acc: 0.8733333333333333; ap: 0.950079331626729
(Val @ epoch 14) acc: 0.8666666666666667; ap: 0.9459365500655752
(Val @ epoch 15) acc: 0.8333333333333334; ap: 0.9475345754316358
(Val @ epoch 16) acc: 0.7666666666666667; ap: 0.955216557254332
(Val @ epoch 17) acc: 0.6866666666666666; ap: 0.9507518376907741
(Val @ epoch 18) acc: 0.8466666666666667; ap: 0.9565634504288634
(Val @ epoch 19) acc: 0.9; ap: 0.9696402681454255
2024_03_27_16_00_56 changing lr at the end of epoch 20, iters 189
*************************
Changing lr from 0.00018 to 0.000162
*************************
(Val @ epoch 20) acc: 0.8866666666666667; ap: 0.9703284249747339
(Val @ epoch 21) acc: 0.88; ap: 0.9705668468715701
(Val @ epoch 22) acc: 0.84; ap: 0.9713478099955847
(Val @ epoch 23) acc: 0.8266666666666667; ap: 0.9708996078906302
(Val @ epoch 24) acc: 0.92; ap: 0.9740521719576201
(Val @ epoch 25) acc: 0.8533333333333334; ap: 0.9744524303455985
(Val @ epoch 26) acc: 0.8733333333333333; ap: 0.9777993451901721
(Val @ epoch 27) acc: 0.92; ap: 0.9778313879489248
(Val @ epoch 28) acc: 0.9466666666666667; ap: 0.9817273936728439
(Val @ epoch 29) acc: 0.8866666666666667; ap: 0.9811552829927288
2024_03_27_16_01_20 changing lr at the end of epoch 30, iters 279
*************************
Changing lr from 0.000162 to 0.00014580000000000002
*************************
(Val @ epoch 30) acc: 0.9333333333333333; ap: 0.9803479394162001
(Val @ epoch 31) acc: 0.9133333333333333; ap: 0.982333843220194
(Val @ epoch 32) acc: 0.8666666666666667; ap: 0.985867807303752
(Val @ epoch 33) acc: 0.9133333333333333; ap: 0.9853898705374291
(Val @ epoch 34) acc: 0.9466666666666667; ap: 0.986023168844388
(Val @ epoch 35) acc: 0.94; ap: 0.9864435576687506
(Val @ epoch 36) acc: 0.9533333333333334; ap: 0.9870143920648875
(Val @ epoch 37) acc: 0.9466666666666667; ap: 0.992215501790281
(Val @ epoch 38) acc: 0.9; ap: 0.9894715744363851
(Val @ epoch 39) acc: 0.9333333333333333; ap: 0.9903682912288544
2024_03_27_16_01_43 changing lr at the end of epoch 40, iters 369
*************************
Changing lr from 0.00014580000000000005 to 0.00013122000000000003
*************************
(Val @ epoch 40) acc: 0.9333333333333333; ap: 0.9905739849503377
(Val @ epoch 41) acc: 0.8733333333333333; ap: 0.9891340582794316
(Val @ epoch 42) acc: 0.84; ap: 0.9886155702520036
(Val @ epoch 43) acc: 0.9533333333333334; ap: 0.9917765708597733
2024_03_27_16_01_51 Train loss: 0.286826491355896 at step: 400 lr 0.00013122000000000003
(Val @ epoch 44) acc: 0.8733333333333333; ap: 0.9937114732855734
(Val @ epoch 45) acc: 0.8933333333333333; ap: 0.9930171364658676
(Val @ epoch 46) acc: 0.96; ap: 0.9928804946412513
(Val @ epoch 47) acc: 0.9066666666666666; ap: 0.9957513034179699
(Val @ epoch 48) acc: 0.8533333333333334; ap: 0.9930278315633005
(Val @ epoch 49) acc: 0.9666666666666667; ap: 0.9944635772576156
*************************
2024_03_27_16_02_04
(0 FastGan   ) acc: 98.6; ap: 99.8
(1 StyleGAN_ADA) acc: 92.8; ap: 99.0
(2 Mean      ) acc: 95.7; ap: 99.4
*************************
2024_03_27_16_02_05
Saving model ./checkpoints/resnet10_32size2024_03_27_16_00_06/model_epoch_last.pth
