train.py  --name  2class  --dataroot  dataset  --classes  FastGan,  StyleGan_ADA  --batch_size  32  --delr_freq  10  --lr  0.0002  --niter  50
cwd: /home/ashish/NPR-DeepfakeDetectionResnet18
(Val @ epoch 0) acc: 0.504424778761062; ap: 0.5471425730553909
(Val @ epoch 1) acc: 0.49557522123893805; ap: 0.5516328413387193
(Val @ epoch 2) acc: 0.5265486725663717; ap: 0.5742729092564324
(Val @ epoch 3) acc: 0.49557522123893805; ap: 0.5921541971849275
(Val @ epoch 4) acc: 0.5176991150442478; ap: 0.6830574169993372
(Val @ epoch 5) acc: 0.584070796460177; ap: 0.6898354569590943
(Val @ epoch 6) acc: 0.6637168141592921; ap: 0.7375823095382013
2024_03_24_18_35_36 Train loss: 0.7445331811904907 at step: 400 lr 0.0002
(Val @ epoch 7) acc: 0.5796460176991151; ap: 0.7471915695316913
(Val @ epoch 8) acc: 0.49557522123893805; ap: 0.638562016477286
(Val @ epoch 9) acc: 0.5973451327433629; ap: 0.7083233811002319
2024_03_24_18_36_17 changing lr at the end of epoch 10, iters 550
*************************
Changing lr from 0.0002 to 0.00018
*************************
(Val @ epoch 10) acc: 0.5707964601769911; ap: 0.7001945658999226
(Val @ epoch 11) acc: 0.5707964601769911; ap: 0.7039003332995671
(Val @ epoch 12) acc: 0.5176991150442478; ap: 0.6474009539812586
(Val @ epoch 13) acc: 0.4823008849557522; ap: 0.6450726142087099
(Val @ epoch 14) acc: 0.49557522123893805; ap: 0.5869918197139323
2024_03_24_18_37_27 Train loss: 0.6691639423370361 at step: 800 lr 0.00018
(Val @ epoch 15) acc: 0.49557522123893805; ap: 0.5932752133199689
(Val @ epoch 16) acc: 0.5442477876106194; ap: 0.697456274171437
(Val @ epoch 17) acc: 0.5442477876106194; ap: 0.6931714594468477
(Val @ epoch 18) acc: 0.5; ap: 0.6540470696925315
(Val @ epoch 19) acc: 0.5973451327433629; ap: 0.6926338868423644
2024_03_24_18_38_37 changing lr at the end of epoch 20, iters 1050
*************************
Changing lr from 0.00018 to 0.000162
*************************
(Val @ epoch 20) acc: 0.5530973451327433; ap: 0.6968918109525752
(Val @ epoch 21) acc: 0.588495575221239; ap: 0.7072157865512534
