train.py  --name  resnet10_32size  --dataroot  dataset  --classes  FastGan,StyleGAN_ADA  --batch_size  128  --delr_freq  10  --lr  0.0002  --niter  50
Model size: 208801.00000
cwd: /home/ashish/NPR-DeepfakeDetectionResnet18
(Val @ epoch 0) acc: 0.5; ap: 0.6041322041695116
(Val @ epoch 1) acc: 0.5; ap: 0.6885884683265853
(Val @ epoch 2) acc: 0.5; ap: 0.6248394823577108
(Val @ epoch 3) acc: 0.49333333333333335; ap: 0.6140085363550163
(Val @ epoch 4) acc: 0.5; ap: 0.6142625066753593
(Val @ epoch 5) acc: 0.5066666666666667; ap: 0.6218933061916765
(Val @ epoch 6) acc: 0.5866666666666667; ap: 0.8008651414650385
(Val @ epoch 7) acc: 0.7133333333333334; ap: 0.8473275743241724
(Val @ epoch 8) acc: 0.72; ap: 0.8408951627111078
(Val @ epoch 9) acc: 0.7066666666666667; ap: 0.8546604859675853
2024_03_27_15_57_56 changing lr at the end of epoch 10, iters 99
*************************
Changing lr from 0.0002 to 0.00018
*************************
(Val @ epoch 10) acc: 0.7466666666666667; ap: 0.8830745806519265
(Val @ epoch 11) acc: 0.7466666666666667; ap: 0.8695728325450166
(Val @ epoch 12) acc: 0.82; ap: 0.9253821688144352
(Val @ epoch 13) acc: 0.7133333333333334; ap: 0.907849294028574
(Val @ epoch 14) acc: 0.8266666666666667; ap: 0.9312837727728684
(Val @ epoch 15) acc: 0.8533333333333334; ap: 0.9399523259952022
(Val @ epoch 16) acc: 0.84; ap: 0.9456868076573578
(Val @ epoch 17) acc: 0.7933333333333333; ap: 0.9454978169869697
(Val @ epoch 18) acc: 0.8133333333333334; ap: 0.9468996952304743
(Val @ epoch 19) acc: 0.7733333333333333; ap: 0.9514278499316868
2024_03_27_15_58_22 changing lr at the end of epoch 20, iters 189
*************************
Changing lr from 0.00018 to 0.000162
*************************
(Val @ epoch 20) acc: 0.88; ap: 0.9614145414301069
(Val @ epoch 21) acc: 0.74; ap: 0.9573381463826606
(Val @ epoch 22) acc: 0.8866666666666667; ap: 0.9652224235072349
(Val @ epoch 23) acc: 0.8866666666666667; ap: 0.9732513943793363
(Val @ epoch 24) acc: 0.8666666666666667; ap: 0.9731787588859179
(Val @ epoch 25) acc: 0.9066666666666666; ap: 0.9772365604420965
(Val @ epoch 26) acc: 0.9; ap: 0.975509340894072
(Val @ epoch 27) acc: 0.9466666666666667; ap: 0.9696791747561125
(Val @ epoch 28) acc: 0.9333333333333333; ap: 0.9797637743185175
(Val @ epoch 29) acc: 0.92; ap: 0.9827086004957573
2024_03_27_15_58_48 changing lr at the end of epoch 30, iters 279
*************************
Changing lr from 0.000162 to 0.00014580000000000002
*************************
(Val @ epoch 30) acc: 0.9266666666666666; ap: 0.9850413418604925
(Val @ epoch 31) acc: 0.8933333333333333; ap: 0.9863532580640464
(Val @ epoch 32) acc: 0.86; ap: 0.9862388349980564
(Val @ epoch 33) acc: 0.92; ap: 0.9853500415247766
(Val @ epoch 34) acc: 0.9533333333333334; ap: 0.9877658999282277
(Val @ epoch 35) acc: 0.96; ap: 0.9864042837649699
(Val @ epoch 36) acc: 0.96; ap: 0.9891669693814543
(Val @ epoch 37) acc: 0.8066666666666666; ap: 0.9907427778813649
(Val @ epoch 38) acc: 0.82; ap: 0.9870785590155862
(Val @ epoch 39) acc: 0.9066666666666666; ap: 0.9911370919332265
2024_03_27_15_59_14 changing lr at the end of epoch 40, iters 369
*************************
Changing lr from 0.00014580000000000005 to 0.00013122000000000003
*************************
(Val @ epoch 40) acc: 0.9; ap: 0.9918955281941871
(Val @ epoch 41) acc: 0.92; ap: 0.993695778512809
(Val @ epoch 42) acc: 0.9666666666666667; ap: 0.9912775664694727
(Val @ epoch 43) acc: 0.8933333333333333; ap: 0.9939292635399147
2024_03_27_15_59_23 Train loss: 0.18398302793502808 at step: 400 lr 0.00013122000000000003
(Val @ epoch 44) acc: 0.9266666666666666; ap: 0.9954357656888924
(Val @ epoch 45) acc: 0.8266666666666667; ap: 0.9912037850435393
(Val @ epoch 46) acc: 0.82; ap: 0.9911656993483896
(Val @ epoch 47) acc: 0.9333333333333333; ap: 0.9954028893281227
(Val @ epoch 48) acc: 0.9333333333333333; ap: 0.9954946155098675
(Val @ epoch 49) acc: 0.8466666666666667; ap: 0.9945397306683785
*************************
2024_03_27_15_59_37
(0 FastGan   ) acc: 95.9; ap: 99.9
(1 StyleGAN_ADA) acc: 80.9; ap: 99.8
(2 Mean      ) acc: 88.4; ap: 99.9
*************************
2024_03_27_15_59_39
Saving model ./checkpoints/resnet10_32size2024_03_27_15_57_28/model_epoch_last.pth
