train.py  --name  resnet10  --dataroot  dataset  --classes  FastGan,StyleGAN_ADA  --batch_size  128  --delr_freq  10  --lr  0.0002  --niter  50
Model size: 306113.00000
cwd: /home/ashish/NPR-DeepfakeDetectionResnet18
(Val @ epoch 0) acc: 0.5; ap: 0.4785474217804564
(Val @ epoch 1) acc: 0.5; ap: 0.4877967989147378
(Val @ epoch 2) acc: 0.5; ap: 0.46758883161087467
(Val @ epoch 3) acc: 0.4866666666666667; ap: 0.48635416481117144
(Val @ epoch 4) acc: 0.5066666666666667; ap: 0.5231294058189293
(Val @ epoch 5) acc: 0.5; ap: 0.6027611145410289
(Val @ epoch 6) acc: 0.5933333333333334; ap: 0.8621127215845512
(Val @ epoch 7) acc: 0.5866666666666667; ap: 0.8730966425513054
(Val @ epoch 8) acc: 0.7933333333333333; ap: 0.8912775371145099
(Val @ epoch 9) acc: 0.66; ap: 0.8700503888966812
2024_03_27_15_44_31 changing lr at the end of epoch 10, iters 99
*************************
Changing lr from 0.0002 to 0.00018
*************************
(Val @ epoch 10) acc: 0.8066666666666666; ap: 0.9505698874971189
(Val @ epoch 11) acc: 0.8; ap: 0.960194874715003
(Val @ epoch 12) acc: 0.6666666666666666; ap: 0.9334009118931497
(Val @ epoch 13) acc: 0.72; ap: 0.9570774624536205
(Val @ epoch 14) acc: 0.8; ap: 0.9759344009039024
(Val @ epoch 15) acc: 0.9; ap: 0.9748137189569078
(Val @ epoch 16) acc: 0.94; ap: 0.9832988402036402
(Val @ epoch 17) acc: 0.7733333333333333; ap: 0.984091391652084
(Val @ epoch 18) acc: 0.88; ap: 0.9776911949787367
(Val @ epoch 19) acc: 0.8933333333333333; ap: 0.9854216262171733
2024_03_27_15_45_01 changing lr at the end of epoch 20, iters 189
*************************
Changing lr from 0.00018 to 0.000162
*************************
(Val @ epoch 20) acc: 0.84; ap: 0.9799870928441705
(Val @ epoch 21) acc: 0.9533333333333334; ap: 0.991076686748168
(Val @ epoch 22) acc: 0.9533333333333334; ap: 0.9885616028547624
(Val @ epoch 23) acc: 0.8533333333333334; ap: 0.994528134833681
(Val @ epoch 24) acc: 0.7; ap: 0.9935446312158877
(Val @ epoch 25) acc: 0.92; ap: 0.993195928273501
(Val @ epoch 26) acc: 0.8666666666666667; ap: 0.9937000987564608
(Val @ epoch 27) acc: 0.9066666666666666; ap: 0.9954501193033655
(Val @ epoch 28) acc: 0.96; ap: 0.9951613662384011
(Val @ epoch 29) acc: 0.9733333333333334; ap: 0.9941763769846095
2024_03_27_15_45_32 changing lr at the end of epoch 30, iters 279
*************************
Changing lr from 0.000162 to 0.00014580000000000002
*************************
(Val @ epoch 30) acc: 0.9133333333333333; ap: 0.9957933915259991
(Val @ epoch 31) acc: 0.9666666666666667; ap: 0.9971368575035094
(Val @ epoch 32) acc: 0.8133333333333334; ap: 0.9934903277929151
(Val @ epoch 33) acc: 0.9066666666666666; ap: 0.9963548646475474
(Val @ epoch 34) acc: 0.9733333333333334; ap: 0.9991666666666665
(Val @ epoch 35) acc: 0.9333333333333333; ap: 0.9985735945149796
(Val @ epoch 36) acc: 0.98; ap: 0.9989278881087099
(Val @ epoch 37) acc: 0.9533333333333334; ap: 0.9973229638140189
(Val @ epoch 38) acc: 0.9333333333333333; ap: 0.9975473665347081
(Val @ epoch 39) acc: 0.98; ap: 0.9994759018759017
2024_03_27_15_46_02 changing lr at the end of epoch 40, iters 369
*************************
Changing lr from 0.00014580000000000005 to 0.00013122000000000003
*************************
(Val @ epoch 40) acc: 0.9866666666666667; ap: 0.9994759018759017
(Val @ epoch 41) acc: 0.9733333333333334; ap: 0.9989561221140166
(Val @ epoch 42) acc: 0.9133333333333333; ap: 0.9986614684860297
(Val @ epoch 43) acc: 0.9666666666666667; ap: 0.9996536796536795
2024_03_27_15_46_14 Train loss: 0.09381712228059769 at step: 400 lr 0.00013122000000000003
(Val @ epoch 44) acc: 0.98; ap: 0.9998245614035086
(Val @ epoch 45) acc: 0.8866666666666667; ap: 0.9982843575651793
(Val @ epoch 46) acc: 0.92; ap: 0.9994759018759017
(Val @ epoch 47) acc: 0.9866666666666667; ap: 0.9996467836257308
(Val @ epoch 48) acc: 0.74; ap: 0.9983285849952515
(Val @ epoch 49) acc: 0.8866666666666667; ap: 0.9991363022941968
*************************
2024_03_27_15_46_31
(0 FastGan   ) acc: 95.3; ap: 100.0
(1 StyleGAN_ADA) acc: 83.6; ap: 99.9
(2 Mean      ) acc: 89.4; ap: 99.9
*************************
2024_03_27_15_46_32
Saving model ./checkpoints/resnet102024_03_27_15_43_58/model_epoch_last.pth
