train.py  --name  resnet10_60per  --dataroot  /home/ashish/detect_dataset/splitted_data_60/  --classes  FastGan,StyleGAN_ADA  --batch_size  128  --delr_freq  30  --lr  0.0002  --niter  500
Model size: 19697.00000
cwd: /home/ashish/NPR-DeepfakeDetectionResnet18
(Val @ epoch 0) acc: 0.5; ap: 0.4173635920954471
(Val @ epoch 1) acc: 0.5; ap: 0.43207210920852757
(Val @ epoch 2) acc: 0.5; ap: 0.5124319715183092
(Val @ epoch 3) acc: 0.5; ap: 0.5211338927306219
(Val @ epoch 4) acc: 0.5; ap: 0.5546943604457826
(Val @ epoch 5) acc: 0.5394736842105263; ap: 0.600776155948014
(Val @ epoch 6) acc: 0.5921052631578947; ap: 0.5782931221010607
(Val @ epoch 7) acc: 0.5789473684210527; ap: 0.5980981892570031
(Val @ epoch 8) acc: 0.5592105263157895; ap: 0.5830759196527937
(Val @ epoch 9) acc: 0.5921052631578947; ap: 0.661120145933048
(Val @ epoch 10) acc: 0.625; ap: 0.6761866787461468
(Val @ epoch 11) acc: 0.6052631578947368; ap: 0.6539113574652007
(Val @ epoch 12) acc: 0.6644736842105263; ap: 0.682020755117119
(Val @ epoch 13) acc: 0.6052631578947368; ap: 0.6962805887232166
(Val @ epoch 14) acc: 0.625; ap: 0.7015778914277228
(Val @ epoch 15) acc: 0.6842105263157895; ap: 0.7092191025596964
(Val @ epoch 16) acc: 0.6381578947368421; ap: 0.694415447308697
(Val @ epoch 17) acc: 0.618421052631579; ap: 0.6432842926001014
(Val @ epoch 18) acc: 0.6710526315789473; ap: 0.7393873261140979
(Val @ epoch 19) acc: 0.6973684210526315; ap: 0.7669728975792625
(Val @ epoch 20) acc: 0.6381578947368421; ap: 0.6962318760359493
(Val @ epoch 21) acc: 0.6644736842105263; ap: 0.7814552332636887
(Val @ epoch 22) acc: 0.6578947368421053; ap: 0.7908359457420834
(Val @ epoch 23) acc: 0.6842105263157895; ap: 0.8080593934907032
(Val @ epoch 24) acc: 0.75; ap: 0.8176492804821337
(Val @ epoch 25) acc: 0.7302631578947368; ap: 0.822226618887632
(Val @ epoch 26) acc: 0.6578947368421053; ap: 0.7903300867364471
(Val @ epoch 27) acc: 0.75; ap: 0.816444408014942
(Val @ epoch 28) acc: 0.6776315789473685; ap: 0.8575061308441012
(Val @ epoch 29) acc: 0.7039473684210527; ap: 0.8455856943837778
2024_03_27_16_52_23 changing lr at the end of epoch 30, iters 248
*************************
Changing lr from 0.0002 to 0.00018
*************************
(Val @ epoch 30) acc: 0.5263157894736842; ap: 0.6965579718381468
(Val @ epoch 31) acc: 0.7894736842105263; ap: 0.8577700960443462
(Val @ epoch 32) acc: 0.7894736842105263; ap: 0.8721117442058749
(Val @ epoch 33) acc: 0.7302631578947368; ap: 0.8823240459057851
(Val @ epoch 34) acc: 0.75; ap: 0.8875503684919186
(Val @ epoch 35) acc: 0.7960526315789473; ap: 0.8822942704793106
(Val @ epoch 36) acc: 0.7697368421052632; ap: 0.8734657667698834
(Val @ epoch 37) acc: 0.7368421052631579; ap: 0.9027632212047716
(Val @ epoch 38) acc: 0.7763157894736842; ap: 0.9034768086692675
(Val @ epoch 39) acc: 0.5526315789473685; ap: 0.8245718334194923
(Val @ epoch 40) acc: 0.7763157894736842; ap: 0.8876308055708731
(Val @ epoch 41) acc: 0.8289473684210527; ap: 0.9263941525702702
(Val @ epoch 42) acc: 0.8223684210526315; ap: 0.9308126728190799
