train.py  --name  resnet10_32size  --dataroot  dataset  --classes  FastGan,StyleGAN_ADA  --batch_size  128  --delr_freq  30  --lr  0.0002  --niter  500
Model size: 19697.00000
cwd: /home/ashish/NPR-DeepfakeDetectionResnet18
(Val @ epoch 0) acc: 0.5; ap: 0.4866693775496892
(Val @ epoch 1) acc: 0.5; ap: 0.4747191269560626
(Val @ epoch 2) acc: 0.5; ap: 0.49042374580834647
(Val @ epoch 3) acc: 0.48; ap: 0.5114437616999494
(Val @ epoch 4) acc: 0.48; ap: 0.5773206364167602
(Val @ epoch 5) acc: 0.46; ap: 0.6511502461264301
(Val @ epoch 6) acc: 0.5; ap: 0.6761876844258334
(Val @ epoch 7) acc: 0.5466666666666666; ap: 0.6846734454576273
(Val @ epoch 8) acc: 0.5666666666666667; ap: 0.7083614087021499
(Val @ epoch 9) acc: 0.5933333333333334; ap: 0.7196897694863736
(Val @ epoch 10) acc: 0.5733333333333334; ap: 0.7448447047457782
(Val @ epoch 11) acc: 0.6466666666666666; ap: 0.7724478931329875
(Val @ epoch 12) acc: 0.6533333333333333; ap: 0.7845670342429805
(Val @ epoch 13) acc: 0.6866666666666666; ap: 0.8209737040950997
(Val @ epoch 14) acc: 0.76; ap: 0.8536434957901906
(Val @ epoch 15) acc: 0.7333333333333333; ap: 0.8683424093382526
(Val @ epoch 16) acc: 0.74; ap: 0.8810046812292657
(Val @ epoch 17) acc: 0.8066666666666666; ap: 0.9116835332523607
(Val @ epoch 18) acc: 0.8; ap: 0.9143872970828937
(Val @ epoch 19) acc: 0.8066666666666666; ap: 0.9176744685763433
(Val @ epoch 20) acc: 0.8133333333333334; ap: 0.9294731750779295
(Val @ epoch 21) acc: 0.8133333333333334; ap: 0.9347659022707868
(Val @ epoch 22) acc: 0.8266666666666667; ap: 0.9271997093229054
(Val @ epoch 23) acc: 0.8266666666666667; ap: 0.9331158727856327
(Val @ epoch 24) acc: 0.84; ap: 0.9377735373214309
(Val @ epoch 25) acc: 0.8266666666666667; ap: 0.9427738465724547
(Val @ epoch 26) acc: 0.86; ap: 0.9457224712808063
(Val @ epoch 27) acc: 0.8066666666666666; ap: 0.946325302605797
(Val @ epoch 28) acc: 0.72; ap: 0.9288756713388802
(Val @ epoch 29) acc: 0.84; ap: 0.947426811421938
2024_03_27_16_19_44 changing lr at the end of epoch 30, iters 279
*************************
Changing lr from 0.0002 to 0.00018
*************************
(Val @ epoch 30) acc: 0.82; ap: 0.9491188633159491
(Val @ epoch 31) acc: 0.88; ap: 0.9524972089982153
(Val @ epoch 32) acc: 0.7933333333333333; ap: 0.945150746466914
(Val @ epoch 33) acc: 0.8333333333333334; ap: 0.9490721003955476
(Val @ epoch 34) acc: 0.84; ap: 0.9481509548491982
(Val @ epoch 35) acc: 0.82; ap: 0.952040870445056
(Val @ epoch 36) acc: 0.84; ap: 0.9533742133333172
(Val @ epoch 37) acc: 0.82; ap: 0.9530909786845214
(Val @ epoch 38) acc: 0.82; ap: 0.9569170316731748
(Val @ epoch 39) acc: 0.8666666666666667; ap: 0.9542535697532109
(Val @ epoch 40) acc: 0.8666666666666667; ap: 0.9579869250333335
(Val @ epoch 41) acc: 0.88; ap: 0.9601139782359727
(Val @ epoch 42) acc: 0.8733333333333333; ap: 0.9647114647357002
(Val @ epoch 43) acc: 0.8866666666666667; ap: 0.9648251385462241
2024_03_27_16_20_12 Train loss: 0.3966277539730072 at step: 400 lr 0.00018
(Val @ epoch 44) acc: 0.8333333333333334; ap: 0.9587723544537236
(Val @ epoch 45) acc: 0.8933333333333333; ap: 0.9659998626331961
(Val @ epoch 46) acc: 0.8866666666666667; ap: 0.9681920828092246
(Val @ epoch 47) acc: 0.9; ap: 0.9698225627074057
(Val @ epoch 48) acc: 0.9; ap: 0.972359104872347
(Val @ epoch 49) acc: 0.8733333333333333; ap: 0.9705165753321233
(Val @ epoch 50) acc: 0.86; ap: 0.97190089560069
(Val @ epoch 51) acc: 0.88; ap: 0.9710285009515746
(Val @ epoch 52) acc: 0.9066666666666666; ap: 0.9720857199520395
(Val @ epoch 53) acc: 0.8933333333333333; ap: 0.9723989218474465
(Val @ epoch 54) acc: 0.8866666666666667; ap: 0.9738190195315503
(Val @ epoch 55) acc: 0.8333333333333334; ap: 0.9742693911636202
(Val @ epoch 56) acc: 0.92; ap: 0.9774735394731718
(Val @ epoch 57) acc: 0.9066666666666666; ap: 0.9766853172463175
(Val @ epoch 58) acc: 0.9066666666666666; ap: 0.9799538235862084
(Val @ epoch 59) acc: 0.9266666666666666; ap: 0.9825553643474984
2024_03_27_16_20_45 changing lr at the end of epoch 60, iters 549
*************************
Changing lr from 0.00018 to 0.000162
*************************
(Val @ epoch 60) acc: 0.9333333333333333; ap: 0.9827546860183248
(Val @ epoch 61) acc: 0.8933333333333333; ap: 0.9820324330170568
(Val @ epoch 62) acc: 0.9266666666666666; ap: 0.9810269446243743
(Val @ epoch 63) acc: 0.9; ap: 0.9822348393174152
(Val @ epoch 64) acc: 0.92; ap: 0.9836830281954014
(Val @ epoch 65) acc: 0.9066666666666666; ap: 0.9851078585884935
(Val @ epoch 66) acc: 0.9266666666666666; ap: 0.9864042258688579
(Val @ epoch 67) acc: 0.86; ap: 0.9856939737822069
(Val @ epoch 68) acc: 0.92; ap: 0.9843621231750026
(Val @ epoch 69) acc: 0.9333333333333333; ap: 0.9871126033411898
(Val @ epoch 70) acc: 0.9266666666666666; ap: 0.9872220375807961
(Val @ epoch 71) acc: 0.9466666666666667; ap: 0.987386051714127
(Val @ epoch 72) acc: 0.9533333333333334; ap: 0.9894792476527849
(Val @ epoch 73) acc: 0.9466666666666667; ap: 0.9898984362875691
(Val @ epoch 74) acc: 0.92; ap: 0.9897131660079006
(Val @ epoch 75) acc: 0.8466666666666667; ap: 0.9885423332931875
(Val @ epoch 76) acc: 0.9066666666666666; ap: 0.9875061257776833
(Val @ epoch 77) acc: 0.9466666666666667; ap: 0.9916428074714208
(Val @ epoch 78) acc: 0.94; ap: 0.9880662706743184
(Val @ epoch 79) acc: 0.9133333333333333; ap: 0.9909536868045562
(Val @ epoch 80) acc: 0.9266666666666666; ap: 0.9924512912821526
(Val @ epoch 81) acc: 0.9133333333333333; ap: 0.9906667107964962
(Val @ epoch 82) acc: 0.96; ap: 0.9931429725950508
(Val @ epoch 83) acc: 0.9533333333333334; ap: 0.9928522349123446
(Val @ epoch 84) acc: 0.9533333333333334; ap: 0.9921218729657151
(Val @ epoch 85) acc: 0.9333333333333333; ap: 0.990963128463595
(Val @ epoch 86) acc: 0.9666666666666667; ap: 0.9931002382691564
(Val @ epoch 87) acc: 0.9533333333333334; ap: 0.9945942822705129
2024_03_27_16_21_41 Train loss: 0.2143467664718628 at step: 800 lr 0.000162
(Val @ epoch 88) acc: 0.9666666666666667; ap: 0.9949042313840791
(Val @ epoch 89) acc: 0.9666666666666667; ap: 0.9946501353870698
2024_03_27_16_21_45 changing lr at the end of epoch 90, iters 819
*************************
Changing lr from 0.000162 to 0.00014580000000000002
*************************
(Val @ epoch 90) acc: 0.9733333333333334; ap: 0.9952287353993234
(Val @ epoch 91) acc: 0.9466666666666667; ap: 0.9963559328191964
(Val @ epoch 92) acc: 0.9533333333333334; ap: 0.9954209332505929
(Val @ epoch 93) acc: 0.9666666666666667; ap: 0.9942165346736528
(Val @ epoch 94) acc: 0.9666666666666667; ap: 0.9956010448690606
(Val @ epoch 95) acc: 0.8733333333333333; ap: 0.9952038027045947
(Val @ epoch 96) acc: 0.94; ap: 0.9958805176027752
(Val @ epoch 97) acc: 0.9733333333333334; ap: 0.9967186621847894
(Val @ epoch 98) acc: 0.9533333333333334; ap: 0.9959293138887207
(Val @ epoch 99) acc: 0.94; ap: 0.9945876891518914
(Val @ epoch 100) acc: 0.9733333333333334; ap: 0.9940250174105586
(Val @ epoch 101) acc: 0.9533333333333334; ap: 0.9958591355176437
(Val @ epoch 102) acc: 0.9466666666666667; ap: 0.996298688639816
(Val @ epoch 103) acc: 0.92; ap: 0.9956370527821103
(Val @ epoch 104) acc: 0.9666666666666667; ap: 0.9955696678184558
(Val @ epoch 105) acc: 0.9466666666666667; ap: 0.9955768064639506
(Val @ epoch 106) acc: 0.92; ap: 0.9972315407060962
(Val @ epoch 107) acc: 0.96; ap: 0.9970522654082661
(Val @ epoch 108) acc: 0.9533333333333334; ap: 0.9964412003826033
(Val @ epoch 109) acc: 0.9666666666666667; ap: 0.9969630535236167
(Val @ epoch 110) acc: 0.98; ap: 0.9982865541340425
(Val @ epoch 111) acc: 0.96; ap: 0.9975001909424376
(Val @ epoch 112) acc: 0.98; ap: 0.9971888610522465
(Val @ epoch 113) acc: 0.94; ap: 0.9977839009682314
(Val @ epoch 114) acc: 0.9733333333333334; ap: 0.9966575691641404
(Val @ epoch 115) acc: 0.9733333333333334; ap: 0.9970272094503642
(Val @ epoch 116) acc: 0.9733333333333334; ap: 0.9977150478013604
(Val @ epoch 117) acc: 0.96; ap: 0.9977351851011316
(Val @ epoch 118) acc: 0.9733333333333334; ap: 0.9991292215292213
(Val @ epoch 119) acc: 0.98; ap: 0.9986111887397786
2024_03_27_16_22_45 changing lr at the end of epoch 120, iters 1089
*************************
Changing lr from 0.00014580000000000005 to 0.00013122000000000003
*************************
(Val @ epoch 120) acc: 0.96; ap: 0.9982382101273634
(Val @ epoch 121) acc: 0.98; ap: 0.9977502859162324
(Val @ epoch 122) acc: 0.98; ap: 0.9985669952662751
(Val @ epoch 123) acc: 0.9866666666666667; ap: 0.9991130732938951
(Val @ epoch 124) acc: 0.96; ap: 0.9983059129304741
(Val @ epoch 125) acc: 0.9733333333333334; ap: 0.9988345679012344
(Val @ epoch 126) acc: 0.9733333333333334; ap: 0.9986543877210542
(Val @ epoch 127) acc: 0.9466666666666667; ap: 0.9991292215292213
(Val @ epoch 128) acc: 0.9733333333333334; ap: 0.9981232645286476
(Val @ epoch 129) acc: 0.9866666666666667; ap: 0.9993248945147678
(Val @ epoch 130) acc: 0.92; ap: 0.9991292215292213
(Val @ epoch 131) acc: 0.9733333333333334; ap: 0.9983059129304741
(Val @ epoch 132) acc: 0.98; ap: 0.9994871794871794
2024_03_27_16_23_11 Train loss: 0.13565897941589355 at step: 1200 lr 0.00013122000000000003
(Val @ epoch 133) acc: 0.9466666666666667; ap: 0.9991292215292213
(Val @ epoch 134) acc: 0.9733333333333334; ap: 0.99914711673699
(Val @ epoch 135) acc: 0.9733333333333334; ap: 0.9983059129304741
(Val @ epoch 136) acc: 0.9733333333333334; ap: 0.9986111887397786
(Val @ epoch 137) acc: 0.9866666666666667; ap: 0.9996536796536795
(Val @ epoch 138) acc: 0.98; ap: 0.9991666666666665
(Val @ epoch 139) acc: 0.98; ap: 0.9991666666666665
(Val @ epoch 140) acc: 0.96; ap: 0.9994871794871794
(Val @ epoch 141) acc: 0.94; ap: 0.9986543877210542
(Val @ epoch 142) acc: 0.9866666666666667; ap: 0.9998245614035086
(Val @ epoch 143) acc: 0.9; ap: 0.9994871794871794
(Val @ epoch 144) acc: 0.9133333333333333; ap: 0.9976690631287966
(Val @ epoch 145) acc: 0.9733333333333334; ap: 0.9994871794871794
(Val @ epoch 146) acc: 0.96; ap: 0.9994871794871794
(Val @ epoch 147) acc: 0.98; ap: 0.9988345679012344
(Val @ epoch 148) acc: 0.9733333333333334; ap: 0.9999999999999998
(Val @ epoch 149) acc: 0.94; ap: 0.9999999999999998
2024_03_27_16_23_46 changing lr at the end of epoch 150, iters 1359
*************************
Changing lr from 0.00013122000000000003 to 0.00011809800000000003
*************************
(Val @ epoch 150) acc: 0.96; ap: 0.9981373096039761
(Val @ epoch 151) acc: 0.98; ap: 0.9994871794871794
(Val @ epoch 152) acc: 0.9933333333333333; ap: 0.9994871794871794
(Val @ epoch 153) acc: 0.98; ap: 0.9996536796536795
(Val @ epoch 154) acc: 0.98; ap: 0.9994871794871794
(Val @ epoch 155) acc: 0.98; ap: 0.9996536796536795
(Val @ epoch 156) acc: 0.98; ap: 0.9996536796536795
(Val @ epoch 157) acc: 0.96; ap: 0.9996536796536795
(Val @ epoch 158) acc: 0.98; ap: 0.9988087087087085
(Val @ epoch 159) acc: 0.96; ap: 0.9994871794871794
(Val @ epoch 160) acc: 0.96; ap: 0.9996536796536795
(Val @ epoch 161) acc: 0.98; ap: 0.99914711673699
(Val @ epoch 162) acc: 0.96; ap: 0.9996536796536795
(Val @ epoch 163) acc: 0.9866666666666667; ap: 0.9996536796536795
(Val @ epoch 164) acc: 0.9933333333333333; ap: 0.9996536796536795
(Val @ epoch 165) acc: 0.9866666666666667; ap: 0.9996536796536795
(Val @ epoch 166) acc: 0.9733333333333334; ap: 0.9996536796536795
(Val @ epoch 167) acc: 0.9733333333333334; ap: 0.9994871794871794
(Val @ epoch 168) acc: 0.98; ap: 0.9987938371416051
(Val @ epoch 169) acc: 0.9733333333333334; ap: 0.9994871794871794
(Val @ epoch 170) acc: 0.98; ap: 0.9984602339181284
(Val @ epoch 171) acc: 0.98; ap: 0.998815789473684
(Val @ epoch 172) acc: 0.98; ap: 0.9993248945147678
(Val @ epoch 173) acc: 0.9933333333333333; ap: 0.9994871794871794
(Val @ epoch 174) acc: 0.9733333333333334; ap: 0.9994871794871794
(Val @ epoch 175) acc: 0.9733333333333334; ap: 0.9994871794871794
(Val @ epoch 176) acc: 0.96; ap: 0.9994871794871794
2024_03_27_16_24_40 Train loss: 0.15170535445213318 at step: 1600 lr 0.00011809800000000003
(Val @ epoch 177) acc: 0.9866666666666667; ap: 0.9996536796536795
(Val @ epoch 178) acc: 0.98; ap: 0.9994871794871794
(Val @ epoch 179) acc: 0.9733333333333334; ap: 0.9998245614035086
2024_03_27_16_24_46 changing lr at the end of epoch 180, iters 1629
*************************
Changing lr from 0.00011809800000000003 to 0.00010628820000000004
*************************
(Val @ epoch 180) acc: 0.9733333333333334; ap: 0.9993248945147678
(Val @ epoch 181) acc: 0.9866666666666667; ap: 0.9996536796536795
(Val @ epoch 182) acc: 0.9733333333333334; ap: 0.9994871794871794
(Val @ epoch 183) acc: 0.98; ap: 0.9994871794871794
(Val @ epoch 184) acc: 0.98; ap: 0.9994871794871794
(Val @ epoch 185) acc: 0.9733333333333334; ap: 0.9994871794871794
(Val @ epoch 186) acc: 0.98; ap: 0.9993248945147678
(Val @ epoch 187) acc: 0.98; ap: 0.9994871794871794
(Val @ epoch 188) acc: 0.98; ap: 0.9994871794871794
(Val @ epoch 189) acc: 0.9866666666666667; ap: 0.9996536796536795
(Val @ epoch 190) acc: 0.9866666666666667; ap: 0.9994871794871794
(Val @ epoch 191) acc: 0.98; ap: 0.9996536796536795
(Val @ epoch 192) acc: 0.9733333333333334; ap: 0.9996536796536795
(Val @ epoch 193) acc: 0.98; ap: 0.9993248945147678
(Val @ epoch 194) acc: 0.9933333333333333; ap: 0.9998245614035086
(Val @ epoch 195) acc: 0.9466666666666667; ap: 0.9996536796536795
(Val @ epoch 196) acc: 0.9866666666666667; ap: 0.9993248945147678
(Val @ epoch 197) acc: 0.9733333333333334; ap: 0.9994871794871794
(Val @ epoch 198) acc: 0.9933333333333333; ap: 0.9998245614035086
(Val @ epoch 199) acc: 0.9866666666666667; ap: 0.9996536796536795
(Val @ epoch 200) acc: 0.9733333333333334; ap: 0.9991363022941968
(Val @ epoch 201) acc: 0.9666666666666667; ap: 0.9996536796536795
(Val @ epoch 202) acc: 0.9733333333333334; ap: 0.9999999999999998
(Val @ epoch 203) acc: 0.98; ap: 0.9994871794871794
(Val @ epoch 204) acc: 0.98; ap: 0.9994871794871794
(Val @ epoch 205) acc: 0.9733333333333334; ap: 0.9994871794871794
(Val @ epoch 206) acc: 0.98; ap: 0.9994871794871794
(Val @ epoch 207) acc: 0.96; ap: 0.9994871794871794
(Val @ epoch 208) acc: 0.96; ap: 0.9998245614035086
(Val @ epoch 209) acc: 0.9266666666666666; ap: 0.9994871794871794
2024_03_27_16_25_46 changing lr at the end of epoch 210, iters 1899
*************************
Changing lr from 0.00010628820000000004 to 9.565938000000004e-05
*************************
(Val @ epoch 210) acc: 0.9866666666666667; ap: 0.9999999999999998
(Val @ epoch 211) acc: 0.96; ap: 0.9996536796536795
(Val @ epoch 212) acc: 0.9933333333333333; ap: 0.9999999999999998
(Val @ epoch 213) acc: 0.96; ap: 0.9999999999999998
(Val @ epoch 214) acc: 0.9933333333333333; ap: 0.9999999999999998
(Val @ epoch 215) acc: 0.9533333333333334; ap: 0.9999999999999998
(Val @ epoch 216) acc: 0.9933333333333333; ap: 0.9996536796536795
(Val @ epoch 217) acc: 0.96; ap: 0.9999999999999998
(Val @ epoch 218) acc: 0.9933333333333333; ap: 0.9998245614035086
(Val @ epoch 219) acc: 0.96; ap: 0.9998245614035086
(Val @ epoch 220) acc: 0.9933333333333333; ap: 0.9999999999999998
(Val @ epoch 221) acc: 0.98; ap: 0.9999999999999998
2024_03_27_16_26_09 Train loss: 0.08588909357786179 at step: 2000 lr 9.565938000000004e-05
(Val @ epoch 222) acc: 0.9933333333333333; ap: 0.9996536796536795
(Val @ epoch 223) acc: 0.9733333333333334; ap: 0.9999999999999998
(Val @ epoch 224) acc: 0.9666666666666667; ap: 0.9996536796536795
(Val @ epoch 225) acc: 0.94; ap: 0.9999999999999998
(Val @ epoch 226) acc: 0.9933333333333333; ap: 0.9998245614035086
(Val @ epoch 227) acc: 1.0; ap: 0.9999999999999998
(Val @ epoch 228) acc: 0.9666666666666667; ap: 0.9999999999999998
(Val @ epoch 229) acc: 0.9866666666666667; ap: 0.9998245614035086
(Val @ epoch 230) acc: 0.9866666666666667; ap: 0.9999999999999998
(Val @ epoch 231) acc: 0.9866666666666667; ap: 0.9996536796536795
(Val @ epoch 232) acc: 0.96; ap: 0.9998245614035086
(Val @ epoch 233) acc: 0.9933333333333333; ap: 0.9996536796536795
(Val @ epoch 234) acc: 0.9933333333333333; ap: 0.9998245614035086
(Val @ epoch 235) acc: 0.9866666666666667; ap: 0.9998245614035086
(Val @ epoch 236) acc: 0.98; ap: 0.9998245614035086
(Val @ epoch 237) acc: 1.0; ap: 0.9999999999999998
(Val @ epoch 238) acc: 0.98; ap: 0.9999999999999998
(Val @ epoch 239) acc: 0.98; ap: 0.9999999999999998
2024_03_27_16_26_45 changing lr at the end of epoch 240, iters 2169
*************************
Changing lr from 9.565938000000004e-05 to 8.609344200000004e-05
*************************
(Val @ epoch 240) acc: 0.9866666666666667; ap: 0.9998245614035086
(Val @ epoch 241) acc: 0.9733333333333334; ap: 0.9999999999999998
(Val @ epoch 242) acc: 0.9933333333333333; ap: 0.9999999999999998
(Val @ epoch 243) acc: 0.9733333333333334; ap: 0.9999999999999998
(Val @ epoch 244) acc: 0.9866666666666667; ap: 0.9996536796536795
(Val @ epoch 245) acc: 0.9733333333333334; ap: 0.9999999999999998
(Val @ epoch 246) acc: 0.9933333333333333; ap: 0.9998245614035086
(Val @ epoch 247) acc: 0.9733333333333334; ap: 0.9999999999999998
(Val @ epoch 248) acc: 0.9866666666666667; ap: 0.9998245614035086
(Val @ epoch 249) acc: 0.9733333333333334; ap: 0.9999999999999998
(Val @ epoch 250) acc: 1.0; ap: 0.9999999999999998
(Val @ epoch 251) acc: 0.9866666666666667; ap: 0.9999999999999998
(Val @ epoch 252) acc: 0.9866666666666667; ap: 0.9998245614035086
(Val @ epoch 253) acc: 0.9933333333333333; ap: 0.9999999999999998
(Val @ epoch 254) acc: 0.9933333333333333; ap: 0.9999999999999998
(Val @ epoch 255) acc: 0.98; ap: 0.9996536796536795
(Val @ epoch 256) acc: 0.9866666666666667; ap: 0.9998245614035086
(Val @ epoch 257) acc: 0.9933333333333333; ap: 0.9998245614035086
(Val @ epoch 258) acc: 0.9733333333333334; ap: 0.9999999999999998
(Val @ epoch 259) acc: 0.9933333333333333; ap: 0.9998245614035086
(Val @ epoch 260) acc: 0.9866666666666667; ap: 0.9999999999999998
(Val @ epoch 261) acc: 0.98; ap: 0.9996536796536795
(Val @ epoch 262) acc: 0.9866666666666667; ap: 0.9998245614035086
(Val @ epoch 263) acc: 0.9733333333333334; ap: 0.9999999999999998
(Val @ epoch 264) acc: 1.0; ap: 0.9999999999999998
(Val @ epoch 265) acc: 1.0; ap: 0.9999999999999998
2024_03_27_16_27_37 Train loss: 0.061448656022548676 at step: 2400 lr 8.609344200000004e-05
(Val @ epoch 266) acc: 0.9933333333333333; ap: 0.9999999999999998
(Val @ epoch 267) acc: 0.9866666666666667; ap: 0.9999999999999998
(Val @ epoch 268) acc: 0.9933333333333333; ap: 0.9999999999999998
(Val @ epoch 269) acc: 0.9933333333333333; ap: 0.9998245614035086
2024_03_27_16_27_45 changing lr at the end of epoch 270, iters 2439
*************************
Changing lr from 8.609344200000004e-05 to 7.748409780000004e-05
*************************
(Val @ epoch 270) acc: 0.94; ap: 0.9996536796536795
(Val @ epoch 271) acc: 0.9933333333333333; ap: 0.9998245614035086
(Val @ epoch 272) acc: 1.0; ap: 0.9999999999999998
(Val @ epoch 273) acc: 0.9333333333333333; ap: 0.9999999999999998
(Val @ epoch 274) acc: 0.98; ap: 0.9999999999999998
(Val @ epoch 275) acc: 0.9733333333333334; ap: 0.9999999999999998
(Val @ epoch 276) acc: 0.9866666666666667; ap: 0.9996536796536795
(Val @ epoch 277) acc: 0.98; ap: 0.9999999999999998
(Val @ epoch 278) acc: 0.9933333333333333; ap: 0.9999999999999998
(Val @ epoch 279) acc: 0.9866666666666667; ap: 0.9998245614035086
(Val @ epoch 280) acc: 0.9866666666666667; ap: 0.9998245614035086
(Val @ epoch 281) acc: 0.98; ap: 0.9999999999999998
(Val @ epoch 282) acc: 0.9866666666666667; ap: 0.9998245614035086
(Val @ epoch 283) acc: 0.9733333333333334; ap: 0.9998245614035086
(Val @ epoch 284) acc: 1.0; ap: 0.9999999999999998
(Val @ epoch 285) acc: 1.0; ap: 0.9999999999999998
(Val @ epoch 286) acc: 0.9866666666666667; ap: 0.9996536796536795
(Val @ epoch 287) acc: 0.9866666666666667; ap: 0.9996536796536795
(Val @ epoch 288) acc: 1.0; ap: 0.9999999999999998
(Val @ epoch 289) acc: 0.9933333333333333; ap: 0.9999999999999998
(Val @ epoch 290) acc: 0.9933333333333333; ap: 0.9999999999999998
(Val @ epoch 291) acc: 0.9933333333333333; ap: 0.9998245614035086
(Val @ epoch 292) acc: 0.98; ap: 0.9996536796536795
(Val @ epoch 293) acc: 0.98; ap: 0.9999999999999998
(Val @ epoch 294) acc: 0.9866666666666667; ap: 0.9999999999999998
(Val @ epoch 295) acc: 0.9866666666666667; ap: 0.9999999999999998
(Val @ epoch 296) acc: 0.9933333333333333; ap: 0.9999999999999998
(Val @ epoch 297) acc: 0.98; ap: 0.9999999999999998
(Val @ epoch 298) acc: 0.9933333333333333; ap: 0.9999999999999998
(Val @ epoch 299) acc: 0.9466666666666667; ap: 0.9999999999999998
2024_03_27_16_28_44 changing lr at the end of epoch 300, iters 2709
*************************
Changing lr from 7.748409780000004e-05 to 6.973568802000003e-05
*************************
(Val @ epoch 300) acc: 0.9933333333333333; ap: 0.9998245614035086
(Val @ epoch 301) acc: 0.9733333333333334; ap: 0.9999999999999998
(Val @ epoch 302) acc: 0.9933333333333333; ap: 0.9999999999999998
(Val @ epoch 303) acc: 0.98; ap: 0.9999999999999998
(Val @ epoch 304) acc: 0.9933333333333333; ap: 0.9999999999999998
(Val @ epoch 305) acc: 0.9866666666666667; ap: 0.9999999999999998
(Val @ epoch 306) acc: 0.9933333333333333; ap: 0.9999999999999998
(Val @ epoch 307) acc: 1.0; ap: 0.9999999999999998
(Val @ epoch 308) acc: 0.98; ap: 0.9999999999999998
(Val @ epoch 309) acc: 0.9866666666666667; ap: 0.9999999999999998
(Val @ epoch 310) acc: 0.96; ap: 0.9996536796536795
2024_03_27_16_29_05 Train loss: 0.05083336681127548 at step: 2800 lr 6.973568802000003e-05
(Val @ epoch 311) acc: 0.9866666666666667; ap: 0.9998245614035086
(Val @ epoch 312) acc: 0.9933333333333333; ap: 0.9998245614035086
(Val @ epoch 313) acc: 0.9933333333333333; ap: 0.9999999999999998
(Val @ epoch 314) acc: 0.9866666666666667; ap: 0.9999999999999998
(Val @ epoch 315) acc: 0.98; ap: 0.9999999999999998
(Val @ epoch 316) acc: 1.0; ap: 0.9999999999999998
(Val @ epoch 317) acc: 0.9733333333333334; ap: 0.9999999999999998
(Val @ epoch 318) acc: 0.9933333333333333; ap: 0.9999999999999998
(Val @ epoch 319) acc: 0.98; ap: 0.9999999999999998
(Val @ epoch 320) acc: 0.9933333333333333; ap: 0.9999999999999998
(Val @ epoch 321) acc: 0.9666666666666667; ap: 0.9999999999999998
(Val @ epoch 322) acc: 0.9933333333333333; ap: 0.9999999999999998
(Val @ epoch 323) acc: 1.0; ap: 0.9999999999999998
(Val @ epoch 324) acc: 0.9733333333333334; ap: 0.9999999999999998
(Val @ epoch 325) acc: 0.9866666666666667; ap: 0.9999999999999998
(Val @ epoch 326) acc: 0.9933333333333333; ap: 0.9999999999999998
(Val @ epoch 327) acc: 0.98; ap: 0.9998245614035086
(Val @ epoch 328) acc: 1.0; ap: 0.9999999999999998
(Val @ epoch 329) acc: 0.98; ap: 0.9999999999999998
2024_03_27_16_29_44 changing lr at the end of epoch 330, iters 2979
*************************
Changing lr from 6.973568802000003e-05 to 6.276211921800003e-05
*************************
(Val @ epoch 330) acc: 0.9866666666666667; ap: 0.9999999999999998
(Val @ epoch 331) acc: 0.9933333333333333; ap: 0.9999999999999998
(Val @ epoch 332) acc: 0.9933333333333333; ap: 0.9999999999999998
(Val @ epoch 333) acc: 0.9866666666666667; ap: 0.9999999999999998
(Val @ epoch 334) acc: 0.9933333333333333; ap: 0.9999999999999998
(Val @ epoch 335) acc: 0.9666666666666667; ap: 0.9998245614035086
(Val @ epoch 336) acc: 0.9933333333333333; ap: 0.9999999999999998
(Val @ epoch 337) acc: 0.9533333333333334; ap: 0.9999999999999998
(Val @ epoch 338) acc: 0.9866666666666667; ap: 0.9999999999999998
(Val @ epoch 339) acc: 0.9666666666666667; ap: 0.9999999999999998
(Val @ epoch 340) acc: 1.0; ap: 0.9999999999999998
(Val @ epoch 341) acc: 0.9666666666666667; ap: 0.9999999999999998
(Val @ epoch 342) acc: 1.0; ap: 0.9999999999999998
(Val @ epoch 343) acc: 0.98; ap: 0.9999999999999998
(Val @ epoch 344) acc: 0.9933333333333333; ap: 0.9999999999999998
(Val @ epoch 345) acc: 0.9866666666666667; ap: 0.9998245614035086
(Val @ epoch 346) acc: 0.9866666666666667; ap: 0.9999999999999998
(Val @ epoch 347) acc: 0.9933333333333333; ap: 0.9999999999999998
(Val @ epoch 348) acc: 0.9866666666666667; ap: 0.9999999999999998
(Val @ epoch 349) acc: 0.9866666666666667; ap: 0.9999999999999998
(Val @ epoch 350) acc: 0.98; ap: 0.9999999999999998
(Val @ epoch 351) acc: 0.9866666666666667; ap: 0.9999999999999998
(Val @ epoch 352) acc: 0.9866666666666667; ap: 0.9999999999999998
(Val @ epoch 353) acc: 0.9933333333333333; ap: 0.9999999999999998
(Val @ epoch 354) acc: 0.9866666666666667; ap: 0.9998245614035086
2024_03_27_16_30_33 Train loss: 0.0438084602355957 at step: 3200 lr 6.276211921800003e-05
(Val @ epoch 355) acc: 0.9866666666666667; ap: 0.9999999999999998
(Val @ epoch 356) acc: 0.9866666666666667; ap: 0.9999999999999998
(Val @ epoch 357) acc: 0.9933333333333333; ap: 0.9999999999999998
(Val @ epoch 358) acc: 0.9866666666666667; ap: 0.9998245614035086
(Val @ epoch 359) acc: 0.9866666666666667; ap: 0.9999999999999998
2024_03_27_16_30_43 changing lr at the end of epoch 360, iters 3249
*************************
Changing lr from 6.276211921800003e-05 to 5.6485907296200035e-05
*************************
(Val @ epoch 360) acc: 0.9933333333333333; ap: 0.9999999999999998
(Val @ epoch 361) acc: 0.9866666666666667; ap: 0.9998245614035086
(Val @ epoch 362) acc: 0.9866666666666667; ap: 0.9999999999999998
(Val @ epoch 363) acc: 0.9866666666666667; ap: 0.9999999999999998
(Val @ epoch 364) acc: 0.9866666666666667; ap: 0.9999999999999998
(Val @ epoch 365) acc: 0.9866666666666667; ap: 0.9999999999999998
(Val @ epoch 366) acc: 0.9933333333333333; ap: 0.9999999999999998
(Val @ epoch 367) acc: 0.9866666666666667; ap: 0.9999999999999998
(Val @ epoch 368) acc: 0.9866666666666667; ap: 0.9999999999999998
(Val @ epoch 369) acc: 0.9866666666666667; ap: 0.9999999999999998
(Val @ epoch 370) acc: 0.9866666666666667; ap: 0.9999999999999998
(Val @ epoch 371) acc: 0.9933333333333333; ap: 0.9999999999999998
(Val @ epoch 372) acc: 0.9933333333333333; ap: 0.9999999999999998
(Val @ epoch 373) acc: 0.9933333333333333; ap: 0.9999999999999998
(Val @ epoch 374) acc: 0.9866666666666667; ap: 0.9999999999999998
(Val @ epoch 375) acc: 0.98; ap: 0.9999999999999998
(Val @ epoch 376) acc: 0.9933333333333333; ap: 0.9999999999999998
(Val @ epoch 377) acc: 0.9866666666666667; ap: 0.9999999999999998
(Val @ epoch 378) acc: 1.0; ap: 0.9999999999999998
(Val @ epoch 379) acc: 0.9866666666666667; ap: 0.9999999999999998
(Val @ epoch 380) acc: 1.0; ap: 0.9999999999999998
(Val @ epoch 381) acc: 0.9933333333333333; ap: 0.9998245614035086
(Val @ epoch 382) acc: 0.9933333333333333; ap: 0.9999999999999998
(Val @ epoch 383) acc: 0.9933333333333333; ap: 0.9999999999999998
(Val @ epoch 384) acc: 0.9933333333333333; ap: 0.9999999999999998
(Val @ epoch 385) acc: 1.0; ap: 0.9999999999999998
(Val @ epoch 386) acc: 0.9866666666666667; ap: 0.9999999999999998
(Val @ epoch 387) acc: 0.9866666666666667; ap: 0.9999999999999998
(Val @ epoch 388) acc: 0.9866666666666667; ap: 0.9999999999999998
(Val @ epoch 389) acc: 0.9933333333333333; ap: 0.9999999999999998
2024_03_27_16_31_43 changing lr at the end of epoch 390, iters 3519
*************************
Changing lr from 5.6485907296200035e-05 to 5.083731656658003e-05
*************************
(Val @ epoch 390) acc: 0.9933333333333333; ap: 0.9999999999999998
(Val @ epoch 391) acc: 0.9933333333333333; ap: 0.9999999999999998
(Val @ epoch 392) acc: 0.9733333333333334; ap: 0.9998245614035086
(Val @ epoch 393) acc: 0.9933333333333333; ap: 0.9999999999999998
(Val @ epoch 394) acc: 0.9866666666666667; ap: 0.9999999999999998
(Val @ epoch 395) acc: 0.9866666666666667; ap: 0.9999999999999998
(Val @ epoch 396) acc: 0.9866666666666667; ap: 0.9999999999999998
(Val @ epoch 397) acc: 1.0; ap: 0.9999999999999998
(Val @ epoch 398) acc: 0.9866666666666667; ap: 0.9999999999999998
2024_03_27_16_32_01 Train loss: 0.1638169288635254 at step: 3600 lr 5.083731656658003e-05
(Val @ epoch 399) acc: 0.9933333333333333; ap: 0.9999999999999998
(Val @ epoch 400) acc: 0.98; ap: 0.9998245614035086
(Val @ epoch 401) acc: 0.9866666666666667; ap: 0.9999999999999998
(Val @ epoch 402) acc: 0.9933333333333333; ap: 0.9999999999999998
(Val @ epoch 403) acc: 0.9866666666666667; ap: 0.9999999999999998
(Val @ epoch 404) acc: 0.9933333333333333; ap: 0.9998245614035086
(Val @ epoch 405) acc: 0.9866666666666667; ap: 0.9996467836257308
(Val @ epoch 406) acc: 0.9933333333333333; ap: 0.9998245614035086
(Val @ epoch 407) acc: 0.9866666666666667; ap: 0.9999999999999998
(Val @ epoch 408) acc: 1.0; ap: 0.9999999999999998
(Val @ epoch 409) acc: 1.0; ap: 0.9999999999999998
(Val @ epoch 410) acc: 0.9733333333333334; ap: 0.9999999999999998
(Val @ epoch 411) acc: 1.0; ap: 0.9999999999999998
(Val @ epoch 412) acc: 0.98; ap: 0.9999999999999998
(Val @ epoch 413) acc: 0.9933333333333333; ap: 0.9999999999999998
(Val @ epoch 414) acc: 0.9866666666666667; ap: 0.9998245614035086
(Val @ epoch 415) acc: 0.9933333333333333; ap: 0.9999999999999998
(Val @ epoch 416) acc: 0.9866666666666667; ap: 0.9998245614035086
(Val @ epoch 417) acc: 0.9866666666666667; ap: 0.9999999999999998
(Val @ epoch 418) acc: 0.98; ap: 0.9999999999999998
(Val @ epoch 419) acc: 0.9733333333333334; ap: 0.9999999999999998
2024_03_27_16_32_43 changing lr at the end of epoch 420, iters 3789
*************************
Changing lr from 5.083731656658003e-05 to 4.575358490992203e-05
*************************
(Val @ epoch 420) acc: 1.0; ap: 0.9999999999999998
(Val @ epoch 421) acc: 0.9866666666666667; ap: 0.9999999999999998
(Val @ epoch 422) acc: 0.9866666666666667; ap: 0.9999999999999998
(Val @ epoch 423) acc: 0.9866666666666667; ap: 0.9999999999999998
(Val @ epoch 424) acc: 0.9933333333333333; ap: 0.9999999999999998
(Val @ epoch 425) acc: 0.9933333333333333; ap: 0.9999999999999998
(Val @ epoch 426) acc: 1.0; ap: 0.9999999999999998
(Val @ epoch 427) acc: 0.9866666666666667; ap: 0.9999999999999998
(Val @ epoch 428) acc: 0.9866666666666667; ap: 0.9999999999999998
(Val @ epoch 429) acc: 1.0; ap: 0.9999999999999998
(Val @ epoch 430) acc: 0.9866666666666667; ap: 0.9999999999999998
(Val @ epoch 431) acc: 0.9933333333333333; ap: 0.9999999999999998
(Val @ epoch 432) acc: 0.9933333333333333; ap: 0.9999999999999998
(Val @ epoch 433) acc: 0.9933333333333333; ap: 0.9999999999999998
(Val @ epoch 434) acc: 0.9866666666666667; ap: 0.9999999999999998
(Val @ epoch 435) acc: 0.9933333333333333; ap: 0.9999999999999998
(Val @ epoch 436) acc: 1.0; ap: 0.9999999999999998
(Val @ epoch 437) acc: 0.9866666666666667; ap: 0.9999999999999998
(Val @ epoch 438) acc: 0.9866666666666667; ap: 0.9999999999999998
(Val @ epoch 439) acc: 0.9933333333333333; ap: 0.9999999999999998
(Val @ epoch 440) acc: 0.9666666666666667; ap: 0.9998245614035086
(Val @ epoch 441) acc: 0.9866666666666667; ap: 0.9999999999999998
(Val @ epoch 442) acc: 0.9866666666666667; ap: 0.9998245614035086
(Val @ epoch 443) acc: 0.9866666666666667; ap: 0.9999999999999998
2024_03_27_16_33_30 Train loss: 0.07532766461372375 at step: 4000 lr 4.575358490992203e-05
(Val @ epoch 444) acc: 0.9933333333333333; ap: 0.9999999999999998
(Val @ epoch 445) acc: 0.98; ap: 0.9999999999999998
(Val @ epoch 446) acc: 1.0; ap: 0.9999999999999998
(Val @ epoch 447) acc: 0.98; ap: 0.9999999999999998
(Val @ epoch 448) acc: 0.9866666666666667; ap: 0.9999999999999998
(Val @ epoch 449) acc: 0.9866666666666667; ap: 0.9999999999999998
2024_03_27_16_33_42 changing lr at the end of epoch 450, iters 4059
*************************
Changing lr from 4.575358490992203e-05 to 4.117822641892983e-05
*************************
(Val @ epoch 450) acc: 1.0; ap: 0.9999999999999998
(Val @ epoch 451) acc: 0.9866666666666667; ap: 0.9999999999999998
(Val @ epoch 452) acc: 1.0; ap: 0.9999999999999998
(Val @ epoch 453) acc: 0.9866666666666667; ap: 0.9999999999999998
(Val @ epoch 454) acc: 0.9866666666666667; ap: 0.9999999999999998
(Val @ epoch 455) acc: 1.0; ap: 0.9999999999999998
(Val @ epoch 456) acc: 0.9866666666666667; ap: 0.9999999999999998
(Val @ epoch 457) acc: 0.9933333333333333; ap: 0.9999999999999998
(Val @ epoch 458) acc: 1.0; ap: 0.9999999999999998
(Val @ epoch 459) acc: 0.9866666666666667; ap: 0.9999999999999998
(Val @ epoch 460) acc: 0.9866666666666667; ap: 0.9999999999999998
(Val @ epoch 461) acc: 0.9933333333333333; ap: 0.9999999999999998
(Val @ epoch 462) acc: 0.9866666666666667; ap: 0.9999999999999998
(Val @ epoch 463) acc: 1.0; ap: 0.9999999999999998
(Val @ epoch 464) acc: 0.9866666666666667; ap: 0.9999999999999998
(Val @ epoch 465) acc: 0.9933333333333333; ap: 0.9999999999999998
(Val @ epoch 466) acc: 0.9866666666666667; ap: 0.9999999999999998
(Val @ epoch 467) acc: 0.9866666666666667; ap: 0.9999999999999998
(Val @ epoch 468) acc: 0.9866666666666667; ap: 0.9999999999999998
(Val @ epoch 469) acc: 0.9933333333333333; ap: 0.9999999999999998
(Val @ epoch 470) acc: 1.0; ap: 0.9999999999999998
(Val @ epoch 471) acc: 0.98; ap: 0.9999999999999998
(Val @ epoch 472) acc: 0.9866666666666667; ap: 0.9999999999999998
(Val @ epoch 473) acc: 0.9866666666666667; ap: 0.9999999999999998
(Val @ epoch 474) acc: 1.0; ap: 0.9999999999999998
(Val @ epoch 475) acc: 0.9933333333333333; ap: 0.9999999999999998
(Val @ epoch 476) acc: 0.98; ap: 0.9998245614035086
(Val @ epoch 477) acc: 0.9866666666666667; ap: 0.9999999999999998
(Val @ epoch 478) acc: 0.9933333333333333; ap: 0.9998245614035086
(Val @ epoch 479) acc: 0.9866666666666667; ap: 0.9999999999999998
2024_03_27_16_34_42 changing lr at the end of epoch 480, iters 4329
*************************
Changing lr from 4.117822641892983e-05 to 3.7060403777036845e-05
*************************
(Val @ epoch 480) acc: 1.0; ap: 0.9999999999999998
(Val @ epoch 481) acc: 0.9866666666666667; ap: 0.9999999999999998
(Val @ epoch 482) acc: 0.9866666666666667; ap: 0.9999999999999998
(Val @ epoch 483) acc: 0.9866666666666667; ap: 0.9999999999999998
(Val @ epoch 484) acc: 0.9866666666666667; ap: 0.9999999999999998
(Val @ epoch 485) acc: 0.9866666666666667; ap: 0.9999999999999998
(Val @ epoch 486) acc: 0.98; ap: 0.9999999999999998
(Val @ epoch 487) acc: 0.9933333333333333; ap: 0.9999999999999998
2024_03_27_16_34_58 Train loss: 0.03894755244255066 at step: 4400 lr 3.7060403777036845e-05
(Val @ epoch 488) acc: 0.9866666666666667; ap: 0.9999999999999998
(Val @ epoch 489) acc: 0.9933333333333333; ap: 0.9999999999999998
(Val @ epoch 490) acc: 0.9866666666666667; ap: 0.9999999999999998
(Val @ epoch 491) acc: 0.9866666666666667; ap: 0.9999999999999998
(Val @ epoch 492) acc: 1.0; ap: 0.9999999999999998
(Val @ epoch 493) acc: 1.0; ap: 0.9999999999999998
(Val @ epoch 494) acc: 0.9866666666666667; ap: 0.9999999999999998
(Val @ epoch 495) acc: 0.9933333333333333; ap: 0.9999999999999998
(Val @ epoch 496) acc: 0.9933333333333333; ap: 0.9999999999999998
(Val @ epoch 497) acc: 0.9933333333333333; ap: 0.9999999999999998
(Val @ epoch 498) acc: 0.9866666666666667; ap: 0.9999999999999998
(Val @ epoch 499) acc: 0.98; ap: 0.9999999999999998
*************************
2024_03_27_16_35_21
(0 FastGan   ) acc: 98.6; ap: 99.9
(1 StyleGAN_ADA) acc: 98.0; ap: 100.0
(2 Mean      ) acc: 98.3; ap: 99.9
*************************
2024_03_27_16_35_22
Saving model ./checkpoints/resnet10_32size2024_03_27_16_18_43/model_epoch_last.pth
