train.py  --name  2class  --dataroot  dataset  --classes  FastGan,StyleGAN_ADA  --batch_size  128  --delr_freq  10  --lr  0.0002  --niter  50
Model size: 675521.00000
cwd: /home/ashish/NPR-DeepfakeDetectionResnet18
(Val @ epoch 0) acc: 0.5; ap: 0.622652833158803
(Val @ epoch 1) acc: 0.5; ap: 0.6317411505956627
(Val @ epoch 2) acc: 0.5133333333333333; ap: 0.6252925462897391
(Val @ epoch 3) acc: 0.5333333333333333; ap: 0.6330847378407432
(Val @ epoch 4) acc: 0.5266666666666666; ap: 0.6901923754641763
(Val @ epoch 5) acc: 0.6133333333333333; ap: 0.7632726995705971
(Val @ epoch 6) acc: 0.6866666666666666; ap: 0.7626516759352409
(Val @ epoch 7) acc: 0.6933333333333334; ap: 0.7913472536178703
(Val @ epoch 8) acc: 0.8333333333333334; ap: 0.9121665926938539
(Val @ epoch 9) acc: 0.6933333333333334; ap: 0.9182864323896389
2024_03_27_15_35_50 changing lr at the end of epoch 10, iters 99
*************************
Changing lr from 0.0002 to 0.00018
*************************
(Val @ epoch 10) acc: 0.8466666666666667; ap: 0.9850325268064488
(Val @ epoch 11) acc: 0.7866666666666666; ap: 0.9718850847151941
(Val @ epoch 12) acc: 0.5866666666666667; ap: 0.9783625973999298
(Val @ epoch 13) acc: 0.78; ap: 0.9855852370926345
(Val @ epoch 14) acc: 0.56; ap: 0.952682702288741
(Val @ epoch 15) acc: 0.8933333333333333; ap: 0.9915976204521588
(Val @ epoch 16) acc: 0.94; ap: 0.9834748107451728
(Val @ epoch 17) acc: 0.74; ap: 0.9712031668547719
(Val @ epoch 18) acc: 0.58; ap: 0.963478076854389
(Val @ epoch 19) acc: 0.9733333333333334; ap: 0.9897029744298709
2024_03_27_15_36_36 changing lr at the end of epoch 20, iters 189
*************************
Changing lr from 0.00018 to 0.000162
*************************
(Val @ epoch 20) acc: 0.7933333333333333; ap: 0.9944827307493802
(Val @ epoch 21) acc: 0.9666666666666667; ap: 0.9958305684896007
(Val @ epoch 22) acc: 0.76; ap: 0.9863816108771736
(Val @ epoch 23) acc: 0.5466666666666666; ap: 0.9646549125447726
(Val @ epoch 24) acc: 0.9066666666666666; ap: 0.9964454412454411
(Val @ epoch 25) acc: 0.72; ap: 0.9953517667766021
(Val @ epoch 26) acc: 0.9266666666666666; ap: 0.9966538603161013
(Val @ epoch 27) acc: 0.9666666666666667; ap: 0.9979082845163363
(Val @ epoch 28) acc: 0.78; ap: 0.9924825825927123
(Val @ epoch 29) acc: 0.9666666666666667; ap: 0.9975137440945658
2024_03_27_15_37_21 changing lr at the end of epoch 30, iters 279
*************************
Changing lr from 0.000162 to 0.00014580000000000002
*************************
(Val @ epoch 30) acc: 0.96; ap: 0.997284196348473
(Val @ epoch 31) acc: 0.6333333333333333; ap: 0.9890396010957113
(Val @ epoch 32) acc: 0.7066666666666667; ap: 0.9957034505445779
(Val @ epoch 33) acc: 0.5466666666666666; ap: 0.8790531460103291
(Val @ epoch 34) acc: 0.9066666666666666; ap: 0.990937004353681
(Val @ epoch 35) acc: 0.78; ap: 0.9700837401134543
(Val @ epoch 36) acc: 0.96; ap: 0.9980924003311168
(Val @ epoch 37) acc: 0.9066666666666666; ap: 0.9985794133181298
(Val @ epoch 38) acc: 0.98; ap: 0.9979727074675215
(Val @ epoch 39) acc: 0.84; ap: 0.9946348267918631
2024_03_27_15_38_05 changing lr at the end of epoch 40, iters 369
*************************
Changing lr from 0.00014580000000000005 to 0.00013122000000000003
*************************
(Val @ epoch 40) acc: 0.88; ap: 0.998764598503315
(Val @ epoch 41) acc: 0.9733333333333334; ap: 0.9986184617662297
(Val @ epoch 42) acc: 0.74; ap: 0.9970224781536021
(Val @ epoch 43) acc: 0.9733333333333334; ap: 0.9984413831782252
2024_03_27_15_38_21 Train loss: 0.03897150605916977 at step: 400 lr 0.00013122000000000003
(Val @ epoch 44) acc: 0.9266666666666666; ap: 0.9989472469051415
(Val @ epoch 45) acc: 0.98; ap: 0.9994871794871794
(Val @ epoch 46) acc: 0.9933333333333333; ap: 0.9994871794871794
(Val @ epoch 47) acc: 0.9666666666666667; ap: 0.99914711673699
(Val @ epoch 48) acc: 0.9666666666666667; ap: 0.9988087087087085
(Val @ epoch 49) acc: 0.92; ap: 0.9984129131516297
*************************
2024_03_27_15_38_45
(0 FastGan   ) acc: 95.9; ap: 99.8
(1 StyleGAN_ADA) acc: 84.2; ap: 100.0
(2 Mean      ) acc: 90.1; ap: 99.9
*************************
2024_03_27_15_38_46
Saving model ./checkpoints/2class2024_03_27_15_35_01/model_epoch_last.pth
