train.py  --name  resnet10_32size  --dataroot  dataset  --classes  FastGan,StyleGAN_ADA  --batch_size  512  --delr_freq  10  --lr  0.0002  --niter  50
Model size: 19697.00000
cwd: /home/ashish/NPR-DeepfakeDetectionResnet18
(Val @ epoch 0) acc: 0.5; ap: 0.6289257190317747
(Val @ epoch 1) acc: 0.5; ap: 0.4894117015773026
(Val @ epoch 2) acc: 0.5; ap: 0.4742764921320265
(Val @ epoch 3) acc: 0.5; ap: 0.47057612468114746
(Val @ epoch 4) acc: 0.5; ap: 0.47067563662976636
(Val @ epoch 5) acc: 0.5; ap: 0.471931425735004
(Val @ epoch 6) acc: 0.5; ap: 0.4725775269875503
(Val @ epoch 7) acc: 0.5; ap: 0.47809651411992127
(Val @ epoch 8) acc: 0.5; ap: 0.48798461855774133
(Val @ epoch 9) acc: 0.5; ap: 0.4863517249804908
2024_03_27_16_05_38 changing lr at the end of epoch 10, iters 33
*************************
Changing lr from 0.0002 to 0.00018
*************************
(Val @ epoch 10) acc: 0.4866666666666667; ap: 0.48899698605564507
(Val @ epoch 11) acc: 0.5133333333333333; ap: 0.4946916635617854
(Val @ epoch 12) acc: 0.49333333333333335; ap: 0.5023022979108518
(Val @ epoch 13) acc: 0.4866666666666667; ap: 0.5263053594941156
(Val @ epoch 14) acc: 0.5133333333333333; ap: 0.5609328558578417
(Val @ epoch 15) acc: 0.5266666666666666; ap: 0.6067234367811163
(Val @ epoch 16) acc: 0.5466666666666666; ap: 0.6422723836986843
(Val @ epoch 17) acc: 0.5066666666666667; ap: 0.6598818831306067
(Val @ epoch 18) acc: 0.48; ap: 0.6588152647284305
(Val @ epoch 19) acc: 0.5066666666666667; ap: 0.6632871323168018
2024_03_27_16_06_11 changing lr at the end of epoch 20, iters 63
*************************
Changing lr from 0.00018 to 0.000162
*************************
(Val @ epoch 20) acc: 0.5133333333333333; ap: 0.668402210570012
(Val @ epoch 21) acc: 0.5066666666666667; ap: 0.6680799545312348
(Val @ epoch 22) acc: 0.5133333333333333; ap: 0.6693732759483683
(Val @ epoch 23) acc: 0.5266666666666666; ap: 0.6674469917812319
(Val @ epoch 24) acc: 0.56; ap: 0.6609165406526235
(Val @ epoch 25) acc: 0.54; ap: 0.6710589825977136
(Val @ epoch 26) acc: 0.5333333333333333; ap: 0.681580578839043
(Val @ epoch 27) acc: 0.56; ap: 0.680096903419801
(Val @ epoch 28) acc: 0.5933333333333334; ap: 0.6670732402170094
(Val @ epoch 29) acc: 0.58; ap: 0.6465910355902065
2024_03_27_16_06_45 changing lr at the end of epoch 30, iters 93
*************************
Changing lr from 0.000162 to 0.00014580000000000002
*************************
(Val @ epoch 30) acc: 0.5866666666666667; ap: 0.6367335875722089
(Val @ epoch 31) acc: 0.5733333333333334; ap: 0.6353382208612337
(Val @ epoch 32) acc: 0.56; ap: 0.6368064695780897
(Val @ epoch 33) acc: 0.6066666666666667; ap: 0.6404038369622378
(Val @ epoch 34) acc: 0.6066666666666667; ap: 0.6558149325366334
(Val @ epoch 35) acc: 0.6266666666666667; ap: 0.6892545604791952
(Val @ epoch 36) acc: 0.58; ap: 0.7246964324727496
(Val @ epoch 37) acc: 0.5333333333333333; ap: 0.728870696571432
(Val @ epoch 38) acc: 0.52; ap: 0.7315658464468835
(Val @ epoch 39) acc: 0.58; ap: 0.7469076877693381
2024_03_27_16_07_19 changing lr at the end of epoch 40, iters 123
*************************
Changing lr from 0.00014580000000000005 to 0.00013122000000000003
*************************
(Val @ epoch 40) acc: 0.68; ap: 0.7491505947594508
(Val @ epoch 41) acc: 0.6533333333333333; ap: 0.7326020590616807
(Val @ epoch 42) acc: 0.6466666666666666; ap: 0.7358656230510354
(Val @ epoch 43) acc: 0.6266666666666667; ap: 0.727125870657163
(Val @ epoch 44) acc: 0.6266666666666667; ap: 0.7315330188143495
(Val @ epoch 45) acc: 0.66; ap: 0.7521841079306537
(Val @ epoch 46) acc: 0.68; ap: 0.7722827342544767
(Val @ epoch 47) acc: 0.6866666666666666; ap: 0.7794436871894044
(Val @ epoch 48) acc: 0.6733333333333333; ap: 0.7890901520110241
(Val @ epoch 49) acc: 0.6666666666666666; ap: 0.7970252682758595
*************************
2024_03_27_16_07_50
(0 FastGan   ) acc: 74.3; ap: 88.5
(1 StyleGAN_ADA) acc: 61.8; ap: 68.5
(2 Mean      ) acc: 68.1; ap: 78.5
*************************
2024_03_27_16_07_51
Saving model ./checkpoints/resnet10_32size2024_03_27_16_05_03/model_epoch_last.pth
