train.py  --name  resnet10_32size  --dataroot  dataset  --classes  FastGan,StyleGAN_ADA  --batch_size  1024  --delr_freq  10  --lr  0.0002  --niter  100
Model size: 19697.00000
cwd: /home/ashish/NPR-DeepfakeDetectionResnet18
(Val @ epoch 0) acc: 0.5; ap: 0.6117119183555094
(Val @ epoch 1) acc: 0.5; ap: 0.5641935999907781
(Val @ epoch 2) acc: 0.5; ap: 0.48638079052619676
(Val @ epoch 3) acc: 0.5; ap: 0.4724983894767225
(Val @ epoch 4) acc: 0.5; ap: 0.4711980552181501
(Val @ epoch 5) acc: 0.5; ap: 0.47276232082330577
(Val @ epoch 6) acc: 0.5; ap: 0.4734189978454739
(Val @ epoch 7) acc: 0.5; ap: 0.4754155047859243
(Val @ epoch 8) acc: 0.5; ap: 0.47518639192817197
(Val @ epoch 9) acc: 0.5; ap: 0.47292150193852056
2024_03_27_16_09_08 changing lr at the end of epoch 10, iters 22
*************************
Changing lr from 0.0002 to 0.00018
*************************
(Val @ epoch 10) acc: 0.5; ap: 0.4705525599594973
(Val @ epoch 11) acc: 0.5; ap: 0.46819138608295274
(Val @ epoch 12) acc: 0.5; ap: 0.4667240995073503
(Val @ epoch 13) acc: 0.5; ap: 0.46407010598312487
(Val @ epoch 14) acc: 0.5; ap: 0.4636550167208918
(Val @ epoch 15) acc: 0.5; ap: 0.4651857997673464
(Val @ epoch 16) acc: 0.5; ap: 0.47687059899097095
(Val @ epoch 17) acc: 0.5; ap: 0.48462607641687094
(Val @ epoch 18) acc: 0.5; ap: 0.4934255700535224
(Val @ epoch 19) acc: 0.5266666666666666; ap: 0.5132819098287602
2024_03_27_16_09_57 changing lr at the end of epoch 20, iters 42
*************************
Changing lr from 0.00018 to 0.000162
*************************
(Val @ epoch 20) acc: 0.5133333333333333; ap: 0.5343163607019727
(Val @ epoch 21) acc: 0.49333333333333335; ap: 0.5583516286260501
(Val @ epoch 22) acc: 0.54; ap: 0.5825070436783122
(Val @ epoch 23) acc: 0.5133333333333333; ap: 0.6128563762370594
(Val @ epoch 24) acc: 0.52; ap: 0.6369770062621218
(Val @ epoch 25) acc: 0.49333333333333335; ap: 0.6450077463974508
(Val @ epoch 26) acc: 0.47333333333333333; ap: 0.6514113041130957
(Val @ epoch 27) acc: 0.47333333333333333; ap: 0.6544628852614636
(Val @ epoch 28) acc: 0.5; ap: 0.6586405480225943
(Val @ epoch 29) acc: 0.5133333333333333; ap: 0.654152205623015
2024_03_27_16_10_46 changing lr at the end of epoch 30, iters 62
*************************
Changing lr from 0.000162 to 0.00014580000000000002
*************************
(Val @ epoch 30) acc: 0.5133333333333333; ap: 0.6431744941924654
(Val @ epoch 31) acc: 0.5333333333333333; ap: 0.6280290724536057
(Val @ epoch 32) acc: 0.5666666666666667; ap: 0.6114903594581372
(Val @ epoch 33) acc: 0.5933333333333334; ap: 0.6036759606337996
(Val @ epoch 34) acc: 0.5733333333333334; ap: 0.5957971942160545
(Val @ epoch 35) acc: 0.6; ap: 0.5953128732113641
(Val @ epoch 36) acc: 0.6; ap: 0.5936631641999948
(Val @ epoch 37) acc: 0.6066666666666667; ap: 0.6018342752736938
(Val @ epoch 38) acc: 0.6066666666666667; ap: 0.6108952557800246
(Val @ epoch 39) acc: 0.6066666666666667; ap: 0.6144102043988042
2024_03_27_16_11_34 changing lr at the end of epoch 40, iters 82
*************************
Changing lr from 0.00014580000000000005 to 0.00013122000000000003
*************************
(Val @ epoch 40) acc: 0.6066666666666667; ap: 0.6172556402011644
(Val @ epoch 41) acc: 0.6133333333333333; ap: 0.6228451419614953
(Val @ epoch 42) acc: 0.58; ap: 0.6344687431705034
(Val @ epoch 43) acc: 0.5933333333333334; ap: 0.634068377783307
(Val @ epoch 44) acc: 0.62; ap: 0.6374571918254746
(Val @ epoch 45) acc: 0.62; ap: 0.6447796654767946
(Val @ epoch 46) acc: 0.6; ap: 0.6496481701119401
(Val @ epoch 47) acc: 0.6; ap: 0.6480096224985401
(Val @ epoch 48) acc: 0.6; ap: 0.6505577671113186
(Val @ epoch 49) acc: 0.6066666666666667; ap: 0.6524713626661588
2024_03_27_16_12_23 changing lr at the end of epoch 50, iters 102
*************************
Changing lr from 0.00013122000000000003 to 0.00011809800000000003
*************************
(Val @ epoch 50) acc: 0.5666666666666667; ap: 0.6519060016702463
(Val @ epoch 51) acc: 0.5666666666666667; ap: 0.6531828119861427
(Val @ epoch 52) acc: 0.5666666666666667; ap: 0.6570246695293628
(Val @ epoch 53) acc: 0.6066666666666667; ap: 0.6605211250639706
(Val @ epoch 54) acc: 0.6133333333333333; ap: 0.6662678410727874
(Val @ epoch 55) acc: 0.6066666666666667; ap: 0.6799233284014787
(Val @ epoch 56) acc: 0.62; ap: 0.6792227292838817
(Val @ epoch 57) acc: 0.6333333333333333; ap: 0.6735835241780928
(Val @ epoch 58) acc: 0.62; ap: 0.6739267088395541
(Val @ epoch 59) acc: 0.5933333333333334; ap: 0.6634327978451161
2024_03_27_16_13_12 changing lr at the end of epoch 60, iters 122
*************************
Changing lr from 0.00011809800000000003 to 0.00010628820000000004
*************************
(Val @ epoch 60) acc: 0.6066666666666667; ap: 0.6613448172816536
(Val @ epoch 61) acc: 0.58; ap: 0.6549443351275701
(Val @ epoch 62) acc: 0.5666666666666667; ap: 0.6499230746178151
(Val @ epoch 63) acc: 0.5533333333333333; ap: 0.6441363336621195
(Val @ epoch 64) acc: 0.5533333333333333; ap: 0.643643784712156
(Val @ epoch 65) acc: 0.5666666666666667; ap: 0.6382859612386822
(Val @ epoch 66) acc: 0.5666666666666667; ap: 0.6384315055922711
(Val @ epoch 67) acc: 0.5466666666666666; ap: 0.6363359357887733
(Val @ epoch 68) acc: 0.5466666666666666; ap: 0.6381346263376113
(Val @ epoch 69) acc: 0.5733333333333334; ap: 0.639391394655352
2024_03_27_16_14_02 changing lr at the end of epoch 70, iters 142
*************************
Changing lr from 0.00010628820000000004 to 9.565938000000004e-05
*************************
(Val @ epoch 70) acc: 0.5933333333333334; ap: 0.6401772415701446
(Val @ epoch 71) acc: 0.6066666666666667; ap: 0.6410406738129534
(Val @ epoch 72) acc: 0.6066666666666667; ap: 0.6498402126414325
(Val @ epoch 73) acc: 0.6; ap: 0.6544732627897651
(Val @ epoch 74) acc: 0.6133333333333333; ap: 0.6614070127599562
(Val @ epoch 75) acc: 0.62; ap: 0.6674625970338657
(Val @ epoch 76) acc: 0.64; ap: 0.6731013025550259
(Val @ epoch 77) acc: 0.6533333333333333; ap: 0.6815250475003058
(Val @ epoch 78) acc: 0.6733333333333333; ap: 0.6904025974373169
(Val @ epoch 79) acc: 0.66; ap: 0.7000616227454353
2024_03_27_16_14_51 changing lr at the end of epoch 80, iters 162
*************************
Changing lr from 9.565938000000004e-05 to 8.609344200000004e-05
*************************
(Val @ epoch 80) acc: 0.6533333333333333; ap: 0.7085360103131553
(Val @ epoch 81) acc: 0.64; ap: 0.734981723374544
(Val @ epoch 82) acc: 0.6533333333333333; ap: 0.7374653998923864
(Val @ epoch 83) acc: 0.66; ap: 0.7375776690352447
(Val @ epoch 84) acc: 0.66; ap: 0.7302081199887014
(Val @ epoch 85) acc: 0.6666666666666666; ap: 0.7150412244546279
(Val @ epoch 86) acc: 0.6666666666666666; ap: 0.7064589968377275
(Val @ epoch 87) acc: 0.64; ap: 0.6998055332023236
(Val @ epoch 88) acc: 0.64; ap: 0.6918521311020926
(Val @ epoch 89) acc: 0.6466666666666666; ap: 0.6928588715242178
2024_03_27_16_15_40 changing lr at the end of epoch 90, iters 182
*************************
Changing lr from 8.609344200000004e-05 to 7.748409780000004e-05
*************************
(Val @ epoch 90) acc: 0.64; ap: 0.700206695151764
(Val @ epoch 91) acc: 0.6666666666666666; ap: 0.711409629473927
(Val @ epoch 92) acc: 0.6733333333333333; ap: 0.7147957388310797
(Val @ epoch 93) acc: 0.6733333333333333; ap: 0.7208095728479569
(Val @ epoch 94) acc: 0.6666666666666666; ap: 0.7358516776450983
(Val @ epoch 95) acc: 0.6666666666666666; ap: 0.750298393234318
(Val @ epoch 96) acc: 0.6466666666666666; ap: 0.7621308780092386
(Val @ epoch 97) acc: 0.6333333333333333; ap: 0.7692432979821608
(Val @ epoch 98) acc: 0.6266666666666667; ap: 0.774983670694295
(Val @ epoch 99) acc: 0.62; ap: 0.7735432906485871
*************************
2024_03_27_16_16_24
(0 FastGan   ) acc: 63.5; ap: 85.0
(1 StyleGAN_ADA) acc: 61.2; ap: 67.0
(2 Mean      ) acc: 62.3; ap: 76.0
*************************
2024_03_27_16_16_26
Saving model ./checkpoints/resnet10_32size2024_03_27_16_08_14/model_epoch_last.pth
